android/app/build/intermediates/manifest_merge_blame_file/debug/manifest-merger-blame-debug-report.txt
1<?xml version="1.0" encoding="utf-8"?>
2<manifest xmlns:android="http://schemas.android.com/apk/res/android"
3    package="com.google.mlkit.vision.demo"
4    android:installLocation="auto"
5    android:versionCode="11"
6    android:versionName="1.11" >
7    <!--
8 CameraX libraries require minSdkVersion 21, while this quickstart app
9    supports low to 19. Needs to use overrideLibrary to make the merger tool
10    ignore this conflict and import the libraries while keeping the app's lower
11    minSdkVersion value. In code, will check SDK version, before calling CameraX
12    APIs.
13    -->
14    <uses-sdk
14-->src\main\AndroidManifest.xml:13:5-157
15        android:minSdkVersion="19"
15-->src\main\AndroidManifest.xml:13:5-157
16        android:targetSdkVersion="31" />
16-->src\main\AndroidManifest.xml:13:5-157
17
18    <uses-feature
18-->src\main\AndroidManifest.xml:15:5-17:35
19        android:name="android.hardware.camera"
19-->src\main\AndroidManifest.xml:16:9-47
20        android:required="true" />
20-->src\main\AndroidManifest.xml:17:9-32
21    <uses-feature android:name="android.hardware.microphone" />
21-->src\main\AndroidManifest.xml:18:5-64
21-->src\main\AndroidManifest.xml:18:19-61
22
23    <uses-permission android:name="android.permission.BLUETOOTH_CONNECT" />
23-->src\main\AndroidManifest.xml:20:5-76
23-->src\main\AndroidManifest.xml:20:22-73
24    <uses-permission android:name="android.permission.BLUETOOTH_SCAN" />
24-->src\main\AndroidManifest.xml:21:5-73
24-->src\main\AndroidManifest.xml:21:22-70
25    <uses-permission android:name="android.permission.BLUETOOTH" />
25-->src\main\AndroidManifest.xml:22:5-68
25-->src\main\AndroidManifest.xml:22:22-65
26    <uses-permission android:name="android.permission.BLUETOOTH_ADMIN" />
26-->src\main\AndroidManifest.xml:23:5-74
26-->src\main\AndroidManifest.xml:23:22-71
27    <uses-permission android:name="android.permission.INTERNET" />
27-->src\main\AndroidManifest.xml:24:5-67
27-->src\main\AndroidManifest.xml:24:22-64
28    <uses-permission android:name="android.permission.WRITE_EXTERNAL_STORAGE" />
28-->src\main\AndroidManifest.xml:25:5-81
28-->src\main\AndroidManifest.xml:25:22-78
29    <uses-permission android:name="android.permission.READ_EXTERNAL_STORAGE" />
29-->src\main\AndroidManifest.xml:26:5-80
29-->src\main\AndroidManifest.xml:26:22-77
30    <uses-permission android:name="android.permission.MANAGE_EXTERNAL_STORAGE" />
30-->src\main\AndroidManifest.xml:27:5-29:40
30-->src\main\AndroidManifest.xml:28:9-66
31    <uses-permission android:name="android.permission.CAMERA" />
31-->src\main\AndroidManifest.xml:30:5-65
31-->src\main\AndroidManifest.xml:30:22-62
32    <uses-permission android:name="android.permission.RECORD_AUDIO" />
32-->src\main\AndroidManifest.xml:31:5-71
32-->src\main\AndroidManifest.xml:31:22-68
33
34    <queries>
34-->src\main\AndroidManifest.xml:33:5-37:15
35        <intent>
35-->src\main\AndroidManifest.xml:34:9-36:18
36            <action android:name="android.media.action.IMAGE_CAPTURE" />
36-->src\main\AndroidManifest.xml:35:13-73
36-->src\main\AndroidManifest.xml:35:21-70
37        </intent>
38    </queries>
39
40    <!-- For remote config -->
41    <uses-permission android:name="android.permission.ACCESS_NETWORK_STATE" />
41-->[com.google.mlkit:object-detection:16.2.8] AndroidManifest.xml:7:5-79
41-->[com.google.mlkit:object-detection:16.2.8] AndroidManifest.xml:7:22-76
42
43    <application
43-->src\main\AndroidManifest.xml:39:5-99:19
44        android:name="androidx.multidex.MultiDexApplication"
44-->src\main\AndroidManifest.xml:40:9-61
45        android:appComponentFactory="androidx.core.app.CoreComponentFactory"
45-->[androidx.core:core:1.3.1] AndroidManifest.xml:24:18-86
46        android:debuggable="true"
47        android:icon="@drawable/logo_mlkit"
47-->src\main\AndroidManifest.xml:41:9-44
48        android:label="@string/app_name"
48-->src\main\AndroidManifest.xml:42:9-41
49        android:requestLegacyExternalStorage="true"
49-->src\main\AndroidManifest.xml:43:9-52
50        android:testOnly="true"
51        android:theme="@style/Theme.AppCompat" >
51-->src\main\AndroidManifest.xml:44:9-47
52        <service
52-->src\main\AndroidManifest.xml:45:9-48:47
53            android:name="com.google.mlkit.vision.demo.kotlin.VideoService"
53-->src\main\AndroidManifest.xml:46:13-48
54            android:enabled="true"
54-->src\main\AndroidManifest.xml:47:13-35
55            android:exported="true" />
55-->src\main\AndroidManifest.xml:48:13-36
56
57        <meta-data
57-->src\main\AndroidManifest.xml:50:9-52:69
58            android:name="com.google.android.gms.version"
58-->src\main\AndroidManifest.xml:51:13-58
59            android:value="@integer/google_play_services_version" />
59-->src\main\AndroidManifest.xml:52:13-66
60        <!--
61 Optional: Add it to automatically download ML model to device after
62          your app is installed.
63        -->
64        <meta-data
64-->src\main\AndroidManifest.xml:57:9-59:63
65            android:name="com.google.mlkit.vision.DEPENDENCIES"
65-->src\main\AndroidManifest.xml:58:13-64
66            android:value="barcode,face,ocr,ica,custom_ica" />
66-->src\main\AndroidManifest.xml:59:13-60
67
68        <activity
68-->src\main\AndroidManifest.xml:61:9-64:56
69            android:name="com.google.mlkit.vision.demo.EntryChoiceActivity"
69-->src\main\AndroidManifest.xml:62:13-48
70            android:exported="true"
70-->src\main\AndroidManifest.xml:63:13-36
71            android:theme="@style/AppTheme" />
71-->src\main\AndroidManifest.xml:64:13-44
72        <activity
72-->src\main\AndroidManifest.xml:65:9-73:20
73            android:name="com.google.mlkit.vision.demo.kotlin.ChooserActivity"
73-->src\main\AndroidManifest.xml:66:13-51
74            android:exported="true" >
74-->src\main\AndroidManifest.xml:67:13-36
75            <intent-filter>
75-->src\main\AndroidManifest.xml:68:13-72:29
76                <action android:name="android.intent.action.MAIN" />
76-->src\main\AndroidManifest.xml:69:17-69
76-->src\main\AndroidManifest.xml:69:25-66
77
78                <category android:name="android.intent.category.LAUNCHER" />
78-->src\main\AndroidManifest.xml:71:17-77
78-->src\main\AndroidManifest.xml:71:27-74
79            </intent-filter>
80        </activity>
81        <activity
81-->src\main\AndroidManifest.xml:74:9-77:56
82            android:name="com.google.mlkit.vision.demo.kotlin.LivePreviewActivity"
82-->src\main\AndroidManifest.xml:75:13-55
83            android:exported="true"
83-->src\main\AndroidManifest.xml:76:13-36
84            android:theme="@style/AppTheme" />
84-->src\main\AndroidManifest.xml:77:13-44
85        <activity
85-->src\main\AndroidManifest.xml:78:9-81:56
86            android:name="com.google.mlkit.vision.demo.kotlin.CameraXLivePreviewActivity"
86-->src\main\AndroidManifest.xml:79:13-62
87            android:exported="true"
87-->src\main\AndroidManifest.xml:80:13-36
88            android:theme="@style/AppTheme" />
88-->src\main\AndroidManifest.xml:81:13-44
89        <activity
89-->src\main\AndroidManifest.xml:82:9-85:56
90            android:name="com.google.mlkit.vision.demo.kotlin.CameraXSourceDemoActivity"
90-->src\main\AndroidManifest.xml:83:13-61
91            android:exported="true"
91-->src\main\AndroidManifest.xml:84:13-36
92            android:theme="@style/AppTheme" />
92-->src\main\AndroidManifest.xml:85:13-44
93        <activity
93-->src\main\AndroidManifest.xml:86:9-88:49
94            android:name="com.google.mlkit.vision.demo.kotlin.SelectDevice"
94-->src\main\AndroidManifest.xml:87:13-48
95            android:exported="false" />
95-->src\main\AndroidManifest.xml:88:13-37
96        <activity
96-->src\main\AndroidManifest.xml:89:9-91:49
97            android:name="com.google.mlkit.vision.demo.kotlin.Bluetooth"
97-->src\main\AndroidManifest.xml:90:13-45
98            android:exported="false" />
98-->src\main\AndroidManifest.xml:91:13-37
99        <activity
99-->src\main\AndroidManifest.xml:92:9-95:56
100            android:name="com.google.mlkit.vision.demo.kotlin.StillImageActivity"
100-->src\main\AndroidManifest.xml:93:13-54
101            android:exported="true"
101-->src\main\AndroidManifest.xml:94:13-36
102            android:theme="@style/AppTheme" />
102-->src\main\AndroidManifest.xml:95:13-44
103        <activity
103-->src\main\AndroidManifest.xml:96:9-98:40
104            android:name="com.google.mlkit.vision.demo.preference.SettingsActivity"
104-->src\main\AndroidManifest.xml:97:13-56
105            android:exported="false" />
105-->src\main\AndroidManifest.xml:98:13-37
106
107        <service
107-->[com.google.mlkit:object-detection:16.2.8] AndroidManifest.xml:11:9-17:19
108            android:name="com.google.mlkit.common.internal.MlKitComponentDiscoveryService"
108-->[com.google.mlkit:object-detection:16.2.8] AndroidManifest.xml:12:13-91
109            android:directBootAware="true"
109-->[com.google.mlkit:common:17.5.0] AndroidManifest.xml:17:13-43
110            android:exported="false" >
110-->[com.google.mlkit:object-detection:16.2.8] AndroidManifest.xml:13:13-37
111            <meta-data
111-->[com.google.mlkit:object-detection:16.2.8] AndroidManifest.xml:14:13-16:85
112                android:name="com.google.firebase.components:com.google.mlkit.vision.objects.defaults.internal.DefaultObjectsRegistrar"
112-->[com.google.mlkit:object-detection:16.2.8] AndroidManifest.xml:15:17-136
113                android:value="com.google.firebase.components.ComponentRegistrar" />
113-->[com.google.mlkit:object-detection:16.2.8] AndroidManifest.xml:16:17-82
114            <meta-data
114-->[com.google.mlkit:object-detection-custom:16.3.4] AndroidManifest.xml:11:13-13:85
115                android:name="com.google.firebase.components:com.google.mlkit.vision.objects.custom.internal.CustomObjectsRegistrar"
115-->[com.google.mlkit:object-detection-custom:16.3.4] AndroidManifest.xml:12:17-133
116                android:value="com.google.firebase.components.ComponentRegistrar" />
116-->[com.google.mlkit:object-detection-custom:16.3.4] AndroidManifest.xml:13:17-82
117            <meta-data
117-->[com.google.mlkit:image-labeling:17.0.6] AndroidManifest.xml:11:13-13:85
118                android:name="com.google.firebase.components:com.google.mlkit.vision.label.defaults.internal.BundledLabelRegistrar"
118-->[com.google.mlkit:image-labeling:17.0.6] AndroidManifest.xml:12:17-132
119                android:value="com.google.firebase.components.ComponentRegistrar" />
119-->[com.google.mlkit:image-labeling:17.0.6] AndroidManifest.xml:13:17-82
120            <meta-data
120-->[com.google.mlkit:image-labeling-custom:17.0.0] AndroidManifest.xml:11:13-13:85
121                android:name="com.google.firebase.components:com.google.mlkit.vision.label.custom.internal.CustomLabelRegistrar"
121-->[com.google.mlkit:image-labeling-custom:17.0.0] AndroidManifest.xml:12:17-129
122                android:value="com.google.firebase.components.ComponentRegistrar" />
122-->[com.google.mlkit:image-labeling-custom:17.0.0] AndroidManifest.xml:13:17-82
123            <meta-data
123-->[com.google.mlkit:segmentation-selfie:16.0.0-beta3] AndroidManifest.xml:12:13-14:85
124                android:name="com.google.firebase.components:com.google.mlkit.vision.segmentation.internal.SegmentationRegistrar"
124-->[com.google.mlkit:segmentation-selfie:16.0.0-beta3] AndroidManifest.xml:13:17-130
125                android:value="com.google.firebase.components.ComponentRegistrar" />
125-->[com.google.mlkit:segmentation-selfie:16.0.0-beta3] AndroidManifest.xml:14:17-82
126            <meta-data
126-->[com.google.android.gms:play-services-mlkit-barcode-scanning:17.0.0] AndroidManifest.xml:12:13-14:85
127                android:name="com.google.firebase.components:com.google.mlkit.vision.barcode.internal.BarcodeRegistrar"
127-->[com.google.android.gms:play-services-mlkit-barcode-scanning:17.0.0] AndroidManifest.xml:13:17-120
128                android:value="com.google.firebase.components.ComponentRegistrar" />
128-->[com.google.android.gms:play-services-mlkit-barcode-scanning:17.0.0] AndroidManifest.xml:14:17-82
129            <meta-data
129-->[com.google.mlkit:vision-internal-vkp:18.2.1] AndroidManifest.xml:14:13-16:85
130                android:name="com.google.firebase.components:com.google.mlkit.vision.vkp.VkpRegistrar"
130-->[com.google.mlkit:vision-internal-vkp:18.2.1] AndroidManifest.xml:15:17-103
131                android:value="com.google.firebase.components.ComponentRegistrar" />
131-->[com.google.mlkit:vision-internal-vkp:18.2.1] AndroidManifest.xml:16:17-82
132            <meta-data
132-->[com.google.android.gms:play-services-mlkit-face-detection:16.2.1] AndroidManifest.xml:12:13-14:85
133                android:name="com.google.firebase.components:com.google.mlkit.vision.face.internal.FaceRegistrar"
133-->[com.google.android.gms:play-services-mlkit-face-detection:16.2.1] AndroidManifest.xml:13:17-114
134                android:value="com.google.firebase.components.ComponentRegistrar" />
134-->[com.google.android.gms:play-services-mlkit-face-detection:16.2.1] AndroidManifest.xml:14:17-82
135            <meta-data
135-->[com.google.android.gms:play-services-mlkit-text-recognition-common:16.1.0] AndroidManifest.xml:12:13-14:85
136                android:name="com.google.firebase.components:com.google.mlkit.vision.text.internal.TextRegistrar"
136-->[com.google.android.gms:play-services-mlkit-text-recognition-common:16.1.0] AndroidManifest.xml:13:17-114
137                android:value="com.google.firebase.components.ComponentRegistrar" />
137-->[com.google.android.gms:play-services-mlkit-text-recognition-common:16.1.0] AndroidManifest.xml:14:17-82
138            <meta-data
138-->[com.google.mlkit:pose-detection-common:17.1.0-beta6] AndroidManifest.xml:14:13-16:85
139                android:name="com.google.firebase.components:com.google.mlkit.vision.pose.internal.PoseRegistrar"
139-->[com.google.mlkit:pose-detection-common:17.1.0-beta6] AndroidManifest.xml:15:17-114
140                android:value="com.google.firebase.components.ComponentRegistrar" />
140-->[com.google.mlkit:pose-detection-common:17.1.0-beta6] AndroidManifest.xml:16:17-82
141            <meta-data
141-->[com.google.mlkit:vision-common:16.7.0] AndroidManifest.xml:12:13-14:85
142                android:name="com.google.firebase.components:com.google.mlkit.vision.common.internal.VisionCommonRegistrar"
142-->[com.google.mlkit:vision-common:16.7.0] AndroidManifest.xml:13:17-124
143                android:value="com.google.firebase.components.ComponentRegistrar" />
143-->[com.google.mlkit:vision-common:16.7.0] AndroidManifest.xml:14:17-82
144            <meta-data
144-->[com.google.mlkit:common:17.5.0] AndroidManifest.xml:20:13-22:85
145                android:name="com.google.firebase.components:com.google.mlkit.common.internal.CommonComponentRegistrar"
145-->[com.google.mlkit:common:17.5.0] AndroidManifest.xml:21:17-120
146                android:value="com.google.firebase.components.ComponentRegistrar" />
146-->[com.google.mlkit:common:17.5.0] AndroidManifest.xml:22:17-82
147        </service>
148
149        <provider
149-->[com.google.mlkit:common:17.5.0] AndroidManifest.xml:9:9-13:38
150            android:name="com.google.mlkit.common.internal.MlKitInitProvider"
150-->[com.google.mlkit:common:17.5.0] AndroidManifest.xml:10:13-78
151            android:authorities="com.google.mlkit.vision.demo.mlkitinitprovider"
151-->[com.google.mlkit:common:17.5.0] AndroidManifest.xml:11:13-69
152            android:exported="false"
152-->[com.google.mlkit:common:17.5.0] AndroidManifest.xml:12:13-37
153            android:initOrder="99" />
153-->[com.google.mlkit:common:17.5.0] AndroidManifest.xml:13:13-35
154
155        <activity
155-->[com.google.android.gms:play-services-base:17.6.0] AndroidManifest.xml:23:9-26:75
156            android:name="com.google.android.gms.common.api.GoogleApiActivity"
156-->[com.google.android.gms:play-services-base:17.6.0] AndroidManifest.xml:24:13-79
157            android:exported="false"
157-->[com.google.android.gms:play-services-base:17.6.0] AndroidManifest.xml:25:13-37
158            android:theme="@android:style/Theme.Translucent.NoTitleBar" />
158-->[com.google.android.gms:play-services-base:17.6.0] AndroidManifest.xml:26:13-72
159
160        <service
160-->[com.google.android.datatransport:transport-backend-cct:2.3.3] AndroidManifest.xml:29:9-35:19
161            android:name="com.google.android.datatransport.runtime.backends.TransportBackendDiscovery"
161-->[com.google.android.datatransport:transport-backend-cct:2.3.3] AndroidManifest.xml:30:13-103
162            android:exported="false" >
162-->[com.google.android.datatransport:transport-backend-cct:2.3.3] AndroidManifest.xml:31:13-37
163            <meta-data
163-->[com.google.android.datatransport:transport-backend-cct:2.3.3] AndroidManifest.xml:32:13-34:39
164                android:name="backend:com.google.android.datatransport.cct.CctBackendFactory"
164-->[com.google.android.datatransport:transport-backend-cct:2.3.3] AndroidManifest.xml:33:17-94
165                android:value="cct" />
165-->[com.google.android.datatransport:transport-backend-cct:2.3.3] AndroidManifest.xml:34:17-36
166        </service>
167        <service
167-->[com.google.android.datatransport:transport-runtime:2.2.6] AndroidManifest.xml:26:9-30:19
168            android:name="com.google.android.datatransport.runtime.scheduling.jobscheduling.JobInfoSchedulerService"
168-->[com.google.android.datatransport:transport-runtime:2.2.6] AndroidManifest.xml:27:13-117
169            android:exported="false"
169-->[com.google.android.datatransport:transport-runtime:2.2.6] AndroidManifest.xml:28:13-37
170            android:permission="android.permission.BIND_JOB_SERVICE" >
170-->[com.google.android.datatransport:transport-runtime:2.2.6] AndroidManifest.xml:29:13-69
171        </service>
172
173        <receiver
173-->[com.google.android.datatransport:transport-runtime:2.2.6] AndroidManifest.xml:32:9-34:40
174            android:name="com.google.android.datatransport.runtime.scheduling.jobscheduling.AlarmManagerSchedulerBroadcastReceiver"
174-->[com.google.android.datatransport:transport-runtime:2.2.6] AndroidManifest.xml:33:13-132
175            android:exported="false" />
175-->[com.google.android.datatransport:transport-runtime:2.2.6] AndroidManifest.xml:34:13-37
176
177        <provider
177-->[androidx.lifecycle:lifecycle-process:2.1.0] AndroidManifest.xml:23:9-27:43
178            android:name="androidx.lifecycle.ProcessLifecycleOwnerInitializer"
178-->[androidx.lifecycle:lifecycle-process:2.1.0] AndroidManifest.xml:24:13-79
179            android:authorities="com.google.mlkit.vision.demo.lifecycle-process"
179-->[androidx.lifecycle:lifecycle-process:2.1.0] AndroidManifest.xml:25:13-69
180            android:exported="false"
180-->[androidx.lifecycle:lifecycle-process:2.1.0] AndroidManifest.xml:26:13-37
181            android:multiprocess="true" />
181-->[androidx.lifecycle:lifecycle-process:2.1.0] AndroidManifest.xml:27:13-40
182    </application>
183
184</manifest>